<?xml version="1.0" encoding="UTF-8"?>
<!--
  #%L
  Judo :: Jsl :: Model :: OSGi :: Integration Test
  %%
  Copyright (C) 2018 - 2022 BlackBelt Technology
  %%
  This program and the accompanying materials are made available under the
  terms of the Eclipse Public License 2.0 which is available at
  http://www.eclipse.org/legal/epl-2.0.
  
  This Source Code may also be made available under the following Secondary
  Licenses when the conditions for such availability set forth in the Eclipse
  Public License, v. 2.0 are satisfied: GNU General Public License, version 2
  with the GNU Classpath Exception which is
  available at https://www.gnu.org/software/classpath/license.html.
  
  SPDX-License-Identifier: EPL-2.0 OR GPL-2.0 WITH Classpath-exception-2.0
  #L%
  -->

<features name="judo-TEST"
          xmlns="http://karaf.apache.org/xmlns/features/v1.5.0"
          xmlns:xsi="http://www.w3.org/2001/XMLSchema-instance"
          xsi:schemaLocation="http://karaf.apache.org/xmlns/features/v1.5.0 http://karaf.apache.org/xmlns/features/v1.5.0">

    <repository>mvn:org.apache.cxf.karaf/apache-cxf/${cxf-version}/xml/features</repository>
    <repository>mvn:hu.blackbelt.osgi.utils/features/${osgi-utils-version}/xml/features</repository>
    <repository>mvn:hu.blackbelt.karaf.features/google-features/${karaf-features-version}/xml/features</repository>
    <repository>mvn:hu.blackbelt.karaf.features/bouncycastle-features/${karaf-features-version}/xml/features</repository>
    <repository>mvn:hu.blackbelt.karaf.features/apache-commons-features/${karaf-features-version}/xml/features</repository>
    <repository>mvn:hu.blackbelt.karaf.features/apache-httpclient-features/${karaf-features-version}/xml/features</repository>
    <repository>mvn:hu.blackbelt.karaf.features/apache-poi-features/${karaf-features-version}/xml/features</repository>
    <repository>mvn:hu.blackbelt.karaf.features/eclipse-emf-features/${karaf-features-version}/xml/features</repository>
    <repository>mvn:hu.blackbelt.karaf.features/tinybundles-features/${karaf-features-version}/xml/features</repository>
    <repository>mvn:hu.blackbelt.karaf.features/antlr-features/${karaf-features-version}/xml/features</repository>
    <repository>mvn:hu.blackbelt.karaf.features/eclipse-xtext-features/${karaf-features-version}/xml/features</repository>

    <feature name="test"  version="1" description="Base test features" install="true">
        <feature prerequisite="true">wrap</feature>
        <feature prerequisite="true">shell</feature>
        <feature prerequisite="true">scr</feature>
        <feature>osgi-utils</feature>
        <feature>tinybundles</feature>
        <feature>cxf-jaxrs</feature>
        <feature>cxf-jackson</feature>
        <feature>cxf-rs-description-swagger2</feature>
        <feature>guice</feature>
        <feature>eclipse-xtext</feature>
        <feature>antlr3</feature>
		<bundle>mvn:org.apache.commons/commons-text/1.9</bundle>
    </feature>

</features>
