<?xml version="1.0" encoding="UTF-8"?>
<features name="judo-TEST"
          xmlns="http://karaf.apache.org/xmlns/features/v1.5.0"
          xmlns:xsi="http://www.w3.org/2001/XMLSchema-instance"
          xsi:schemaLocation="http://karaf.apache.org/xmlns/features/v1.5.0 http://karaf.apache.org/xmlns/features/v1.5.0">

    <repository>mvn:org.apache.cxf.karaf/apache-cxf/${cxf-version}/xml/features</repository>
    <repository>mvn:hu.blackbelt.osgi.utils/features/${osgi-utils-version}/xml/features</repository>
    <repository>mvn:hu.blackbelt.karaf.features/google-features/${google-karaf-features-version}/xml/features</repository>
    <repository>mvn:hu.blackbelt.karaf.features/bouncycastle-features/${bouncycastle-karaf-features-version}/xml/features</repository>
    <repository>mvn:hu.blackbelt.karaf.features/apache-commons-features/${apache-commons-karaf-features-version}/xml/features</repository>
    <repository>mvn:hu.blackbelt.karaf.features/apache-httpclient-features/${apache-httpclient-karaf-features-version}/xml/features</repository>
    <repository>mvn:hu.blackbelt.karaf.features/apache-poi-features/${apache-poi-karaf-features-version}/xml/features</repository>
    <repository>mvn:hu.blackbelt.karaf.features/eclipse-emf-features/${eclipse-emf-karaf-features-version}/xml/features</repository>
    <repository>mvn:hu.blackbelt.karaf.features/eclipse-epsilon-features/${eclipse-epsilon-karaf-features-version}/xml/features</repository>
    <repository>mvn:hu.blackbelt.epsilon/features/${epsilon-runtime-version}/xml/features</repository>

    <repository>mvn:hu.blackbelt.karaf.features/tinybundles-features/${tinybundles-karaf-features-version}/xml/features</repository>
    <repository>mvn:hu.blackbelt.karaf.features/antlr-features/${antlr-karaf-features-version}/xml/features</repository>
    <repository>mvn:hu.blackbelt.karaf.features/eclipse-xtext-features/${eclipse-xtext-karaf-features-version}/xml/features</repository>

    <feature name="test"  version="1" description="Base test features" install="true">
        <feature prerequisite="true">wrap</feature>
        <feature prerequisite="true">shell</feature>
        <feature prerequisite="true">scr</feature>
        <feature>osgi-utils</feature>
        <feature>tinybundles</feature>
        <feature>epsilon-runtime</feature>
        <feature>cxf-jaxrs</feature>
        <feature>cxf-jackson</feature>
        <feature>cxf-rs-description-swagger2</feature>
        <feature>guice</feature>
        <feature>eclipse-xtext</feature>
        <feature>antlr3</feature>

    </feature>

</features>
